c:\users\ouali\source\repos\sfml first\sfml first\x64\debug\vc143.pdb
c:\users\ouali\source\repos\sfml first\sfml first\x64\debug\vc143.idb
c:\users\ouali\source\repos\sfml first\sfml first\x64\debug\collision2d.nativecodeanalysis.sarif
c:\users\ouali\source\repos\sfml first\sfml first\x64\debug\collision2d.nativecodeanalysis.xml
c:\users\ouali\source\repos\sfml first\sfml first\x64\debug\ecard.nativecodeanalysis.sarif
c:\users\ouali\source\repos\sfml first\sfml first\x64\debug\ecard.nativecodeanalysis.xml
c:\users\ouali\source\repos\sfml first\sfml first\x64\debug\graphd.nativecodeanalysis.sarif
c:\users\ouali\source\repos\sfml first\sfml first\x64\debug\graphd.nativecodeanalysis.xml
c:\users\ouali\source\repos\sfml first\sfml first\x64\debug\gravity.nativecodeanalysis.sarif
c:\users\ouali\source\repos\sfml first\sfml first\x64\debug\gravity.nativecodeanalysis.xml
c:\users\ouali\source\repos\sfml first\sfml first\x64\debug\greenscreen.nativecodeanalysis.sarif
c:\users\ouali\source\repos\sfml first\sfml first\x64\debug\greenscreen.nativecodeanalysis.xml
c:\users\ouali\source\repos\sfml first\sfml first\x64\debug\last chance.nativecodeanalysis.sarif
c:\users\ouali\source\repos\sfml first\sfml first\x64\debug\last chance.nativecodeanalysis.xml
c:\users\ouali\source\repos\sfml first\sfml first\x64\debug\lines.nativecodeanalysis.sarif
c:\users\ouali\source\repos\sfml first\sfml first\x64\debug\lines.nativecodeanalysis.xml
c:\users\ouali\source\repos\sfml first\sfml first\x64\debug\planet_simulation.nativecodeanalysis.sarif
c:\users\ouali\source\repos\sfml first\sfml first\x64\debug\planet_simulation.nativecodeanalysis.xml
c:\users\ouali\source\repos\sfml first\sfml first\x64\debug\piano.nativecodeanalysis.sarif
c:\users\ouali\source\repos\sfml first\sfml first\x64\debug\piano.nativecodeanalysis.xml
c:\users\ouali\source\repos\sfml first\sfml first\x64\debug\pieces.nativecodeanalysis.sarif
c:\users\ouali\source\repos\sfml first\sfml first\x64\debug\pieces.nativecodeanalysis.xml
c:\users\ouali\source\repos\sfml first\sfml first\x64\debug\ping.nativecodeanalysis.sarif
c:\users\ouali\source\repos\sfml first\sfml first\x64\debug\ping.nativecodeanalysis.xml
c:\users\ouali\source\repos\sfml first\sfml first\x64\debug\smoke.nativecodeanalysis.sarif
c:\users\ouali\source\repos\sfml first\sfml first\x64\debug\smoke.nativecodeanalysis.xml
c:\users\ouali\source\repos\sfml first\sfml first\x64\debug\snake.nativecodeanalysis.sarif
c:\users\ouali\source\repos\sfml first\sfml first\x64\debug\snake.nativecodeanalysis.xml
c:\users\ouali\source\repos\sfml first\sfml first\x64\debug\soundsorting.nativecodeanalysis.sarif
c:\users\ouali\source\repos\sfml first\sfml first\x64\debug\soundsorting.nativecodeanalysis.xml
c:\users\ouali\source\repos\sfml first\sfml first\x64\debug\sprite.nativecodeanalysis.sarif
c:\users\ouali\source\repos\sfml first\sfml first\x64\debug\sprite.nativecodeanalysis.xml
c:\users\ouali\source\repos\sfml first\sfml first\x64\debug\sfml first.nativecodeanalysis.sarif
c:\users\ouali\source\repos\sfml first\sfml first\x64\debug\sfml first.nativecodeanalysis.xml
c:\users\ouali\source\repos\sfml first\sfml first\x64\debug\sfml2.nativecodeanalysis.sarif
c:\users\ouali\source\repos\sfml first\sfml first\x64\debug\sfml2.nativecodeanalysis.xml
c:\users\ouali\source\repos\sfml first\sfml first\x64\debug\somestuff.nativecodeanalysis.sarif
c:\users\ouali\source\repos\sfml first\sfml first\x64\debug\somestuff.nativecodeanalysis.xml
c:\users\ouali\source\repos\sfml first\sfml first\x64\debug\textures.nativecodeanalysis.sarif
c:\users\ouali\source\repos\sfml first\sfml first\x64\debug\textures.nativecodeanalysis.xml
c:\users\ouali\source\repos\sfml first\sfml first\x64\debug\trigonometrie.nativecodeanalysis.sarif
c:\users\ouali\source\repos\sfml first\sfml first\x64\debug\trigonometrie.nativecodeanalysis.xml
c:\users\ouali\source\repos\sfml first\sfml first\x64\debug\trigonometrie.obj
c:\users\ouali\source\repos\sfml first\sfml first\x64\debug\textures.obj
c:\users\ouali\source\repos\sfml first\sfml first\x64\debug\somestuff.obj
c:\users\ouali\source\repos\sfml first\sfml first\x64\debug\sfml2.obj
c:\users\ouali\source\repos\sfml first\sfml first\x64\debug\sfml first.obj
c:\users\ouali\source\repos\sfml first\sfml first\x64\debug\sprite.obj
c:\users\ouali\source\repos\sfml first\sfml first\x64\debug\soundsorting.obj
c:\users\ouali\source\repos\sfml first\sfml first\x64\debug\snake.obj
c:\users\ouali\source\repos\sfml first\sfml first\x64\debug\smoke.obj
c:\users\ouali\source\repos\sfml first\sfml first\x64\debug\ping.obj
c:\users\ouali\source\repos\sfml first\sfml first\x64\debug\pieces.obj
c:\users\ouali\source\repos\sfml first\sfml first\x64\debug\piano.obj
c:\users\ouali\source\repos\sfml first\sfml first\x64\debug\planet_simulation.obj
c:\users\ouali\source\repos\sfml first\sfml first\x64\debug\lines.obj
c:\users\ouali\source\repos\sfml first\sfml first\x64\debug\last chance.obj
c:\users\ouali\source\repos\sfml first\sfml first\x64\debug\greenscreen.obj
c:\users\ouali\source\repos\sfml first\sfml first\x64\debug\gravity.obj
c:\users\ouali\source\repos\sfml first\sfml first\x64\debug\graphd.obj
c:\users\ouali\source\repos\sfml first\sfml first\x64\debug\ecard.obj
c:\users\ouali\source\repos\sfml first\sfml first\x64\debug\collision2d.obj
c:\users\ouali\source\repos\sfml first\sfml first\x64\debug\sfml first.ilk
c:\users\ouali\source\repos\sfml first\x64\debug\sfml first.exe
c:\users\ouali\source\repos\sfml first\x64\debug\sfml first.pdb
c:\users\ouali\source\repos\sfml first\sfml first\x64\debug\vc.nativecodeanalysis.all.xml
c:\users\ouali\source\repos\sfml first\sfml first\x64\debug\sfml first.tlog\cl.command.1.tlog
c:\users\ouali\source\repos\sfml first\sfml first\x64\debug\sfml first.tlog\cl.read.1.tlog
c:\users\ouali\source\repos\sfml first\sfml first\x64\debug\sfml first.tlog\cl.write.1.tlog
c:\users\ouali\source\repos\sfml first\sfml first\x64\debug\sfml first.tlog\link.command.1.tlog
c:\users\ouali\source\repos\sfml first\sfml first\x64\debug\sfml first.tlog\link.read.1.tlog
c:\users\ouali\source\repos\sfml first\sfml first\x64\debug\sfml first.tlog\link.write.1.tlog
